
Thu 14 Mar 2024 02:41:27 PM UTC: 
 exercises.c | 6 +++++-
 1 file changed, 5 insertions(+), 1 deletion(-)
In file included from test.c:1:
exercises.c:1:3: error: stray ‘#’ in program
    1 | a #include <ctype.h>
      |   ^
exercises.c:1:1: error: unknown type name ‘a’
    1 | a #include <ctype.h>
      | ^
exercises.c:1:12: error: expected ‘=’, ‘,’, ‘;’, ‘asm’ or ‘__attribute__’ before ‘<’ token
    1 | a #include <ctype.h>
      |            ^
In file included from /nix/store/4pqv2mwdn88h7xvsm7a5zplrd8sxzvw0-glibc-2.35-163-dev/include/stdlib.h:395,
                 from exercises.c:4,
                 from test.c:1:
/nix/store/4pqv2mwdn88h7xvsm7a5zplrd8sxzvw0-glibc-2.35-163-dev/include/sys/types.h:33:9: error: unknown type name ‘__u_char’
   33 | typedef __u_char u_char;
      |         ^~~~~~~~
In file included from test.c:1:
exercises.c: In function ‘findMax’:
exercises.c:13:14: error: expected ‘=’, ‘,’, ‘;’, ‘asm’ or ‘__attribute__’ before numeric constant
   13 |   int maxNum 0;
      |              ^
exercises.c:13:14: error: statement with no effect [-Werror=unused-value]
exercises.c:15:17: error: ‘maxNum’ undeclared (first use in this function)
   15 |     if(arr[i] > maxNum) maxNum = arr[i];
      |                 ^~~~~~
exercises.c:15:17: note: each undeclared identifier is reported only once for each function it appears in
exercises.c:16:17: error: control reaches end of non-void function [-Werror=return-type]
   16 |   return maxNum;}
      |                 ^
cc1: all warnings being treated as errors
Compilation failed
d6c5f51
Thu 14 Mar 2024 02:41:34 PM UTC: 
 exercises.c | 2 +-
 1 file changed, 1 insertion(+), 1 deletion(-)
In file included from test.c:1:
exercises.c: In function ‘findMax’:
exercises.c:13:14: error: expected ‘=’, ‘,’, ‘;’, ‘asm’ or ‘__attribute__’ before numeric constant
   13 |   int maxNum 0;
      |              ^
exercises.c:13:14: error: statement with no effect [-Werror=unused-value]
exercises.c:15:17: error: ‘maxNum’ undeclared (first use in this function)
   15 |     if(arr[i] > maxNum) maxNum = arr[i];
      |                 ^~~~~~
exercises.c:15:17: note: each undeclared identifier is reported only once for each function it appears in
exercises.c:16:17: error: control reaches end of non-void function [-Werror=return-type]
   16 |   return maxNum;}
      |                 ^
cc1: all warnings being treated as errors
Compilation failed
a245a93
Thu 14 Mar 2024 02:41:54 PM UTC: 
 exercises.c | 5 +++--
 1 file changed, 3 insertions(+), 2 deletions(-)
 tests:  0|6
total_score: 10/70
e3fe593
Thu 14 Mar 2024 02:46:49 PM UTC: 
 exercises.c | 7 ++++++-
 1 file changed, 6 insertions(+), 1 deletion(-)
In file included from test.c:1:
exercises.c: In function ‘reverseArray’:
exercises.c:25:7: error: variable ‘tempArr’ set but not used [-Werror=unused-but-set-variable]
   25 |   int tempArr[size];
      |       ^~~~~~~
cc1: all warnings being treated as errors
Compilation failed
5fa3ef0
Thu 14 Mar 2024 02:47:01 PM UTC: 
 exercises.c | 2 +-
 1 file changed, 1 insertion(+), 1 deletion(-)
In file included from test.c:1:
exercises.c: In function ‘reverseArray’:
exercises.c:27:16: error: assignment to ‘int *’ from ‘int’ makes pointer from integer without a cast [-Werror=int-conversion]
   27 |     tempArr[i] = arr[size-i-1];
      |                ^
exercises.c:25:8: error: variable ‘tempArr’ set but not used [-Werror=unused-but-set-variable]
   25 |   int *tempArr[size];
      |        ^~~~~~~
cc1: all warnings being treated as errors
Compilation failed
f72e22c
Thu 14 Mar 2024 02:49:33 PM UTC: 
 exercises.c | 4 +++-
 1 file changed, 3 insertions(+), 1 deletion(-)
In file included from test.c:1:
exercises.c: In function ‘reverseArray’:
exercises.c:25:7: error: array size missing in ‘tempArr’
   25 |   int tempArr[];
      |       ^~~~~~~
exercises.c:26:20: error: implicit declaration of function ‘sizeeof’ [-Werror=implicit-function-declaration]
   26 |   tempArr = malloc(sizeeof(int) * size);
      |                    ^~~~~~~
exercises.c:26:28: error: expected expression before ‘int’
   26 |   tempArr = malloc(sizeeof(int) * size);
      |                            ^~~
exercises.c:30:7: error: expected expression before ‘]’ token
   30 |   arr[] = tempArr[];
      |       ^
exercises.c:25:7: error: variable ‘tempArr’ set but not used [-Werror=unused-but-set-variable]
   25 |   int tempArr[];
      |       ^~~~~~~
cc1: all warnings being treated as errors
Compilation failed
8ef4698
Thu 14 Mar 2024 02:49:57 PM UTC: 
 exercises.c | 2 +-
 1 file changed, 1 insertion(+), 1 deletion(-)
In file included from test.c:1:
exercises.c: In function ‘reverseArray’:
exercises.c:25:7: error: array size missing in ‘tempArr’
   25 |   int tempArr[];
      |       ^~~~~~~
exercises.c:26:11: error: assignment to expression with array type
   26 |   tempArr = malloc(sizeof(int) * size);
      |           ^
exercises.c:30:7: error: expected expression before ‘]’ token
   30 |   arr[] = tempArr[];
      |       ^
exercises.c:25:7: error: variable ‘tempArr’ set but not used [-Werror=unused-but-set-variable]
   25 |   int tempArr[];
      |       ^~~~~~~
cc1: all warnings being treated as errors
Compilation failed
0b33353
Thu 14 Mar 2024 02:50:14 PM UTC: 
 exercises.c | 2 +-
 1 file changed, 1 insertion(+), 1 deletion(-)
In file included from test.c:1:
exercises.c: In function ‘reverseArray’:
exercises.c:25:8: error: array size missing in ‘tempArr’
   25 |   int *tempArr[];
      |        ^~~~~~~
exercises.c:26:11: error: assignment to expression with array type
   26 |   tempArr = malloc(sizeof(int) * size);
      |           ^
exercises.c:28:16: error: assignment to ‘int *’ from ‘int’ makes pointer from integer without a cast [-Werror=int-conversion]
   28 |     tempArr[i] = arr[size-i-1];
      |                ^
exercises.c:30:7: error: expected expression before ‘]’ token
   30 |   arr[] = tempArr[];
      |       ^
exercises.c:25:8: error: variable ‘tempArr’ set but not used [-Werror=unused-but-set-variable]
   25 |   int *tempArr[];
      |        ^~~~~~~
cc1: all warnings being treated as errors
Compilation failed
f5d98df
Thu 14 Mar 2024 02:51:04 PM UTC: 
 exercises.c | 2 +-
 1 file changed, 1 insertion(+), 1 deletion(-)
In file included from test.c:1:
exercises.c: In function ‘reverseArray’:
exercises.c:26:11: error: assignment to expression with array type
   26 |   tempArr = malloc(sizeof(int) * size);
      |           ^
exercises.c:30:7: error: expected expression before ‘]’ token
   30 |   arr[] = tempArr[];
      |       ^
exercises.c:25:7: error: variable ‘tempArr’ set but not used [-Werror=unused-but-set-variable]
   25 |   int tempArr[size];
      |       ^~~~~~~
cc1: all warnings being treated as errors
Compilation failed
7b3b7fa
Thu 14 Mar 2024 02:51:12 PM UTC: 
 exercises.c | 2 +-
 1 file changed, 1 insertion(+), 1 deletion(-)
In file included from test.c:1:
exercises.c: In function ‘reverseArray’:
exercises.c:30:7: error: expected expression before ‘]’ token
   30 |   arr[] = tempArr[];
      |       ^
exercises.c:25:7: error: variable ‘tempArr’ set but not used [-Werror=unused-but-set-variable]
   25 |   int tempArr[size];
      |       ^~~~~~~
cc1: all warnings being treated as errors
Compilation failed
11f1999
Thu 14 Mar 2024 02:51:25 PM UTC: 
 exercises.c | 2 +-
 1 file changed, 1 insertion(+), 1 deletion(-)
 tests:  0|6
total_score: 10/70
a804667
Thu 14 Mar 2024 02:53:32 PM UTC: 
 exercises.c | 2 +-
 1 file changed, 1 insertion(+), 1 deletion(-)
In file included from test.c:1:
exercises.c: In function ‘reverseArray’:
exercises.c:30:10: error: assignment to ‘int’ from ‘int *’ makes integer from pointer without a cast [-Werror=int-conversion]
   30 |   (*arr) = tempArr;
      |          ^
cc1: all warnings being treated as errors
Compilation failed
933ed48
Thu 14 Mar 2024 02:54:50 PM UTC: 
 exercises.c | 4 +++-
 1 file changed, 3 insertions(+), 1 deletion(-)
 tests:  0|5
total_score: 20/70
eebf227
Thu 14 Mar 2024 02:55:31 PM UTC: 
 exercises.c | 7 +++----
 1 file changed, 3 insertions(+), 4 deletions(-)
 tests:  0|5
total_score: 20/70
10f0b3c
Thu 14 Mar 2024 02:55:46 PM UTC: 
 exercises.c | 2 +-
 1 file changed, 1 insertion(+), 1 deletion(-)
In file included from test.c:1:
exercises.c: In function ‘reverseArray’:
exercises.c:31:24: error: expected ‘;’ before ‘}’ token
   31 |     arr[k] = tempArr[k]
      |                        ^
      |                        ;
   32 | }
      | ~                       
Compilation failed
6de3117
Thu 14 Mar 2024 02:55:53 PM UTC: 
 exercises.c | 2 +-
 1 file changed, 1 insertion(+), 1 deletion(-)
 tests:  0|5
total_score: 20/70
56ea33f
Thu 14 Mar 2024 03:01:46 PM UTC: 
 exercises.c | 13 ++++++++++++-
 1 file changed, 12 insertions(+), 1 deletion(-)
In file included from test.c:1:
exercises.c: In function ‘filterEvenNumbers’:
exercises.c:44:7: error: array size missing in ‘arrPares’
   44 |   int arrPares[];
      |       ^~~~~~~~
exercises.c:49:15: error: array subscript is not an integer
   49 |       arrPares[newSize] = arr[i];
      |               ^
exercises.c:48:5: error: this ‘if’ clause does not guard... [-Werror=misleading-indentation]
   48 |     if(arr[i] % 2 == 0)
      |     ^~
exercises.c:50:7: note: ...this statement, but the latter is misleadingly indented as if it were guarded by the ‘if’
   50 |       newSize++;
      |       ^~~~~~~
exercises.c:52:10: error: function returns address of local variable [-Werror=return-local-addr]
   52 |   return arrPares;
      |          ^~~~~~~~
cc1: all warnings being treated as errors
Compilation failed
a70fe09
Thu 14 Mar 2024 03:01:55 PM UTC: 
 exercises.c | 2 +-
 1 file changed, 1 insertion(+), 1 deletion(-)
In file included from test.c:1:
exercises.c: In function ‘filterEvenNumbers’:
exercises.c:44:8: error: array size missing in ‘arrPares’
   44 |   int *arrPares[];
      |        ^~~~~~~~
exercises.c:49:15: error: array subscript is not an integer
   49 |       arrPares[newSize] = arr[i];
      |               ^
exercises.c:48:5: error: this ‘if’ clause does not guard... [-Werror=misleading-indentation]
   48 |     if(arr[i] % 2 == 0)
      |     ^~
exercises.c:50:7: note: ...this statement, but the latter is misleadingly indented as if it were guarded by the ‘if’
   50 |       newSize++;
      |       ^~~~~~~
exercises.c:52:10: error: returning ‘int **’ from a function with incompatible return type ‘int *’ [-Werror=incompatible-pointer-types]
   52 |   return arrPares;
      |          ^~~~~~~~
exercises.c:52:10: error: function returns address of local variable [-Werror=return-local-addr]
cc1: all warnings being treated as errors
Compilation failed
bb43cdb
Thu 14 Mar 2024 03:02:52 PM UTC: 
 exercises.c | 2 +-
 1 file changed, 1 insertion(+), 1 deletion(-)
In file included from test.c:1:
exercises.c: In function ‘filterEvenNumbers’:
exercises.c:49:15: error: array subscript is not an integer
   49 |       arrPares[newSize] = arr[i];
      |               ^
exercises.c:48:5: error: this ‘if’ clause does not guard... [-Werror=misleading-indentation]
   48 |     if(arr[i] % 2 == 0)
      |     ^~
exercises.c:50:7: note: ...this statement, but the latter is misleadingly indented as if it were guarded by the ‘if’
   50 |       newSize++;
      |       ^~~~~~~
exercises.c:52:10: error: returning ‘int **’ from a function with incompatible return type ‘int *’ [-Werror=incompatible-pointer-types]
   52 |   return arrPares;
      |          ^~~~~~~~
exercises.c:52:10: error: function returns address of local variable [-Werror=return-local-addr]
cc1: all warnings being treated as errors
Compilation failed
89ae5af
Thu 14 Mar 2024 03:03:34 PM UTC: 
 exercises.c | 2 +-
 1 file changed, 1 insertion(+), 1 deletion(-)
In file included from test.c:1:
exercises.c: In function ‘filterEvenNumbers’:
exercises.c:49:28: error: assignment to ‘int *’ from ‘int’ makes pointer from integer without a cast [-Werror=int-conversion]
   49 |       arrPares[(*newSize)] = arr[i];
      |                            ^
exercises.c:48:5: error: this ‘if’ clause does not guard... [-Werror=misleading-indentation]
   48 |     if(arr[i] % 2 == 0)
      |     ^~
exercises.c:50:7: note: ...this statement, but the latter is misleadingly indented as if it were guarded by the ‘if’
   50 |       newSize++;
      |       ^~~~~~~
exercises.c:52:10: error: returning ‘int **’ from a function with incompatible return type ‘int *’ [-Werror=incompatible-pointer-types]
   52 |   return arrPares;
      |          ^~~~~~~~
exercises.c:52:10: error: function returns address of local variable [-Werror=return-local-addr]
cc1: all warnings being treated as errors
Compilation failed
b63129b
Thu 14 Mar 2024 03:03:50 PM UTC: 
 exercises.c | 2 +-
 1 file changed, 1 insertion(+), 1 deletion(-)
In file included from test.c:1:
exercises.c: In function ‘filterEvenNumbers’:
exercises.c:49:28: error: assignment to ‘int *’ from ‘int’ makes pointer from integer without a cast [-Werror=int-conversion]
   49 |       arrPares[(*newSize)] = arr[i];
      |                            ^
exercises.c:48:5: error: this ‘if’ clause does not guard... [-Werror=misleading-indentation]
   48 |     if(arr[i] % 2 == 0)
      |     ^~
exercises.c:50:7: note: ...this statement, but the latter is misleadingly indented as if it were guarded by the ‘if’
   50 |       newSize++;
      |       ^~~~~~~
cc1: all warnings being treated as errors
Compilation failed
fc21ee0
Thu 14 Mar 2024 03:04:06 PM UTC: 
 exercises.c | 2 +-
 1 file changed, 1 insertion(+), 1 deletion(-)
In file included from test.c:1:
exercises.c: In function ‘filterEvenNumbers’:
exercises.c:49:28: error: assignment to ‘int *’ from ‘int’ makes pointer from integer without a cast [-Werror=int-conversion]
   49 |       arrPares[(*newSize)] = arr[i];
      |                            ^
exercises.c:48:5: error: this ‘if’ clause does not guard... [-Werror=misleading-indentation]
   48 |     if(arr[i] % 2 == 0)
      |     ^~
exercises.c:50:7: note: ...this statement, but the latter is misleadingly indented as if it were guarded by the ‘if’
   50 |       (*newSize)++;
      |       ^
exercises.c:52:10: error: ‘*arrPares[0]’ may be used uninitialized [-Werror=maybe-uninitialized]
   52 |   return *arrPares;
      |          ^~~~~~~~~
cc1: all warnings being treated as errors
Compilation failed
3c3db72
Thu 14 Mar 2024 03:04:26 PM UTC: 
 exercises.c | 4 ++--
 1 file changed, 2 insertions(+), 2 deletions(-)
In file included from test.c:1:
exercises.c: In function ‘filterEvenNumbers’:
exercises.c:49:28: error: assignment to ‘int *’ from ‘int’ makes pointer from integer without a cast [-Werror=int-conversion]
   49 |       arrPares[(*newSize)] = arr[i];
      |                            ^
cc1: all warnings being treated as errors
Compilation failed
522b1d4
Thu 14 Mar 2024 03:05:01 PM UTC: 
 exercises.c | 4 ++--
 1 file changed, 2 insertions(+), 2 deletions(-)
In file included from test.c:1:
exercises.c: In function ‘filterEvenNumbers’:
exercises.c:49:15: error: array subscript is not an integer
   49 |       arrPares[newSize] = arr[i];
      |               ^
exercises.c:52:10: error: returning ‘int’ from a function with return type ‘int *’ makes pointer from integer without a cast [-Werror=int-conversion]
   52 |   return *arrPares;
      |          ^~~~~~~~~
cc1: all warnings being treated as errors
Compilation failed
f1e4fad
Thu 14 Mar 2024 03:05:47 PM UTC: 
 exercises.c | 4 ++--
 1 file changed, 2 insertions(+), 2 deletions(-)
In file included from test.c:1:
exercises.c: In function ‘filterEvenNumbers’:
exercises.c:52:10: error: function returns address of local variable [-Werror=return-local-addr]
   52 |   return arrPares;
      |          ^~~~~~~~
cc1: all warnings being treated as errors
Compilation failed
012befb
Thu 14 Mar 2024 03:06:12 PM UTC: 
 exercises.c | 2 +-
 1 file changed, 1 insertion(+), 1 deletion(-)
In file included from test.c:1:
exercises.c: In function ‘filterEvenNumbers’:
exercises.c:52:11: error: returning ‘int’ from a function with return type ‘int *’ makes pointer from integer without a cast [-Werror=int-conversion]
   52 |   return (*arrPares);
      |          ~^~~~~~~~~~
cc1: all warnings being treated as errors
Compilation failed
d642a09
Thu 14 Mar 2024 03:06:40 PM UTC: 
 exercises.c | 2 +-
 1 file changed, 1 insertion(+), 1 deletion(-)
In file included from test.c:1:
exercises.c: In function ‘filterEvenNumbers’:
exercises.c:52:10: error: returning ‘int (*)[size]’ from a function with incompatible return type ‘int *’ [-Werror=incompatible-pointer-types]
   52 |   return &arrPares;
      |          ^~~~~~~~~
exercises.c:52:10: error: function returns address of local variable [-Werror=return-local-addr]
cc1: all warnings being treated as errors
Compilation failed
2dd40aa
Thu 14 Mar 2024 03:07:46 PM UTC: 
 exercises.c | 2 +-
 1 file changed, 1 insertion(+), 1 deletion(-)
In file included from test.c:1:
exercises.c: In function ‘filterEvenNumbers’:
exercises.c:52:10: error: function returns address of local variable [-Werror=return-local-addr]
   52 |   return arrPares;
      |          ^~~~~~~~
cc1: all warnings being treated as errors
Compilation failed
ca27fb3
Thu 14 Mar 2024 03:08:31 PM UTC: 
 exercises.c | 4 ++--
 1 file changed, 2 insertions(+), 2 deletions(-)
In file included from test.c:1:
exercises.c: In function ‘filterEvenNumbers’:
exercises.c:53:1: error: control reaches end of non-void function [-Werror=return-type]
   53 | }
      | ^
cc1: all warnings being treated as errors
Compilation failed
9a6d122
Thu 14 Mar 2024 03:08:49 PM UTC: 
 exercises.c | 2 +-
 1 file changed, 1 insertion(+), 1 deletion(-)
 tests:  0|5
total_score: 20/70
86db9a4
Thu 14 Mar 2024 03:10:55 PM UTC: 
 exercises.c | 3 +--
 1 file changed, 1 insertion(+), 2 deletions(-)
 tests:  0|5
total_score: 20/70
1c13ab3
Thu 14 Mar 2024 03:12:12 PM UTC: 
 exercises.c | 4 ++--
 1 file changed, 2 insertions(+), 2 deletions(-)
In file included from test.c:1:
exercises.c: In function ‘filterEvenNumbers’:
exercises.c:51:10: error: function returns address of local variable [-Werror=return-local-addr]
   51 |   return arrPares;
      |          ^~~~~~~~
cc1: all warnings being treated as errors
Compilation failed
76e4753
Thu 14 Mar 2024 03:12:22 PM UTC: 
 exercises.c | 2 +-
 1 file changed, 1 insertion(+), 1 deletion(-)
In file included from test.c:1:
exercises.c: In function ‘filterEvenNumbers’:
exercises.c:51:10: error: function returns address of local variable [-Werror=return-local-addr]
   51 |   return arrPares;
      |          ^~~~~~~~
cc1: all warnings being treated as errors
Compilation failed
485c3c0
Thu 14 Mar 2024 03:16:33 PM UTC: 
 exercises.c | 3 ++-
 1 file changed, 2 insertions(+), 1 deletion(-)
In file included from test.c:1:
exercises.c: In function ‘filterEvenNumbers’:
exercises.c:43:8: error: array size missing in ‘arrPares’
   43 |   int *arrPares[];
      |        ^~~~~~~~
exercises.c:44:12: error: assignment to expression with array type
   44 |   arrPares = malloc(sizeof(int) * size);
      |            ^
exercises.c:49:28: error: assignment to ‘int *’ from ‘int’ makes pointer from integer without a cast [-Werror=int-conversion]
   49 |       arrPares[(*newSize)] = arr[i];
      |                            ^
exercises.c:52:10: error: returning ‘int **’ from a function with incompatible return type ‘int *’ [-Werror=incompatible-pointer-types]
   52 |   return arrPares;
      |          ^~~~~~~~
exercises.c:52:10: error: function returns address of local variable [-Werror=return-local-addr]
cc1: all warnings being treated as errors
Compilation failed
2a068a8
Thu 14 Mar 2024 03:17:10 PM UTC: 
 exercises.c | 3 +--
 1 file changed, 1 insertion(+), 2 deletions(-)
 tests:  0|0
21eb00b
Thu 14 Mar 2024 03:17:47 PM UTC: 
 exercises.c | 2 +-
 1 file changed, 1 insertion(+), 1 deletion(-)
In file included from test.c:1:
exercises.c: In function ‘filterEvenNumbers’:
exercises.c:48:15: error: array subscript is not an integer
   48 |       arrPares[newSize] = arr[i];
      |               ^
Compilation failed
8693f96
Thu 14 Mar 2024 03:18:27 PM UTC: 
 exercises.c | 7 ++++---
 1 file changed, 4 insertions(+), 3 deletions(-)
In file included from test.c:1:
exercises.c: In function ‘filterEvenNumbers’:
exercises.c:44:3: error: ‘newS’ undeclared (first use in this function); did you mean ‘newSize’?
   44 |   newS = 0;
      |   ^~~~
      |   newSize
exercises.c:44:3: note: each undeclared identifier is reported only once for each function it appears in
Compilation failed
c39bd3a
Thu 14 Mar 2024 03:18:39 PM UTC: 
 exercises.c | 2 +-
 1 file changed, 1 insertion(+), 1 deletion(-)
In file included from test.c:1:
exercises.c: In function ‘filterEvenNumbers’:
exercises.c:51:11: error: assignment to ‘int *’ from ‘int’ makes pointer from integer without a cast [-Werror=int-conversion]
   51 |   newSize = newS;
      |           ^
cc1: all warnings being treated as errors
Compilation failed
dc67edd
Thu 14 Mar 2024 03:18:53 PM UTC: 
 exercises.c | 2 +-
 1 file changed, 1 insertion(+), 1 deletion(-)
 tests:  0|4
total_score: 30/70
3a009d3
Thu 14 Mar 2024 09:45:30 PM UTC: 
 exercises.c | 23 +++++++++++++++++++++--
 1 file changed, 21 insertions(+), 2 deletions(-)
In file included from test.c:1:
exercises.c: In function ‘mergeSortedArrays’:
exercises.c:80:10: error: void value not ignored as it ought to be
   80 |   result = ordenar(tempArr, (size1 + size2));
      |          ^
Compilation failed
00d2a66
Thu 14 Mar 2024 09:46:19 PM UTC: 
 exercises.c | 8 ++++----
 1 file changed, 4 insertions(+), 4 deletions(-)
 tests:  0|4
total_score: 30/70
71c41cb
Thu 14 Mar 2024 09:46:55 PM UTC: 
 exercises.c | 2 +-
 1 file changed, 1 insertion(+), 1 deletion(-)
 tests:  0|4
total_score: 30/70
e1fb7df
Thu 14 Mar 2024 09:47:39 PM UTC: 
 exercises.c | 2 +-
 1 file changed, 1 insertion(+), 1 deletion(-)
In file included from test.c:1:
exercises.c: In function ‘mergeSortedArrays’:
exercises.c:80:18: error: expected expression before ‘]’ token
   80 |   ordenar(result[], (size1 + size2));
      |                  ^
Compilation failed
92dfb76
Thu 14 Mar 2024 09:47:46 PM UTC: 
 exercises.c | 2 +-
 1 file changed, 1 insertion(+), 1 deletion(-)
 tests:  0|4
total_score: 30/70
3dedad6
Thu 14 Mar 2024 09:48:45 PM UTC: 
 exercises.c | 2 +-
 1 file changed, 1 insertion(+), 1 deletion(-)
 tests:  0|4
total_score: 30/70
e75ccdb
Thu 14 Mar 2024 09:49:43 PM UTC: 
 exercises.c | 7 ++++---
 1 file changed, 4 insertions(+), 3 deletions(-)
In file included from test.c:1:
exercises.c: In function ‘mergeSortedArrays’:
exercises.c:75:3: error: expected ‘,’ or ‘;’ before ‘for’
   75 |   for( ; i < size1 ; i++){
      |   ^~~
exercises.c:75:12: error: statement with no effect [-Werror=unused-value]
   75 |   for( ; i < size1 ; i++){
      |          ~~^~~~~~~
exercises.c:75:25: error: expected ‘;’ before ‘)’ token
   75 |   for( ; i < size1 ; i++){
      |                         ^
      |                         ;
exercises.c:75:25: error: expected statement before ‘)’ token
cc1: all warnings being treated as errors
Compilation failed
572e55e
Thu 14 Mar 2024 09:50:35 PM UTC: 
 exercises.c | 4 ++--
 1 file changed, 2 insertions(+), 2 deletions(-)
 tests:  0|4
total_score: 30/70
2c763b5
Thu 14 Mar 2024 09:52:43 PM UTC: 
 exercises.c | 2 +-
 1 file changed, 1 insertion(+), 1 deletion(-)
 tests:  0|4
total_score: 30/70
fea2ef7
Thu 14 Mar 2024 09:53:40 PM UTC: 
 exercises.c | 5 ++---
 1 file changed, 2 insertions(+), 3 deletions(-)
 tests:  0|4
total_score: 30/70
8e21f0d
Thu 14 Mar 2024 09:54:39 PM UTC: 
 exercises.c | 7 +++++--
 1 file changed, 5 insertions(+), 2 deletions(-)
 tests:  0|4
total_score: 30/70
282940e
Thu 14 Mar 2024 09:55:25 PM UTC: 
 exercises.c | 2 +-
 1 file changed, 1 insertion(+), 1 deletion(-)
 tests:  0|4
total_score: 30/70
1330e39
Thu 14 Mar 2024 09:55:46 PM UTC: 
 exercises.c | 2 +-
 1 file changed, 1 insertion(+), 1 deletion(-)
 tests:  0|3
total_score: 40/70
fb31b62
Thu 14 Mar 2024 10:02:56 PM UTC: 
 exercises.c | 17 ++++++++++++++++-
 1 file changed, 16 insertions(+), 1 deletion(-)
 tests:  0|3
total_score: 40/70
a3a7c10
Thu 14 Mar 2024 10:04:08 PM UTC: 
 exercises.c | 4 ++--
 1 file changed, 2 insertions(+), 2 deletions(-)
 tests:  0|3
total_score: 40/70
3bfc823
Thu 14 Mar 2024 10:08:02 PM UTC: 
 exercises.c | 1 +
 1 file changed, 1 insertion(+)
 tests:  0|3
total_score: 40/70
56e1342
Thu 14 Mar 2024 10:10:34 PM UTC: 
 exercises.c | 2 +-
 1 file changed, 1 insertion(+), 1 deletion(-)
 tests:  0|3
total_score: 40/70
584e8bf
Thu 14 Mar 2024 10:10:59 PM UTC: 
 exercises.c | 3 ++-
 1 file changed, 2 insertions(+), 1 deletion(-)
 tests:  0|3
total_score: 40/70
3b8b35a
Thu 14 Mar 2024 10:11:46 PM UTC: 
 exercises.c | 4 ++--
 1 file changed, 2 insertions(+), 2 deletions(-)
 tests:  0|3
total_score: 40/70
dd4c000
Thu 14 Mar 2024 10:13:07 PM UTC: 
 exercises.c | 4 +---
 1 file changed, 1 insertion(+), 3 deletions(-)
 tests:  0|2
total_score: 50/70
74f94f5
Fri 15 Mar 2024 12:08:33 AM UTC: 
 exercises.c | 17 +++++++++++++++--
 1 file changed, 15 insertions(+), 2 deletions(-)
In file included from test.c:1:
exercises.c: In function ‘inicializarLibro’:
exercises.c:137:17: error: invalid type argument of ‘->’ (have ‘Autor’)
  137 |     libro->autor->nombre[i] = nombreAutor[i];
      |                 ^~
exercises.c:138:15: error: invalid type argument of ‘->’ (have ‘Autor’)
  138 |   libro->autor->nombre[i] = '\0';
      |               ^~
exercises.c:140:15: error: invalid type argument of ‘->’ (have ‘Autor’)
  140 |   libro->autor->anioNacimiento = anioNacimiento;
      |               ^~
exercises.c:141:28: error: ‘anioPubicacion’ undeclared (first use in this function); did you mean ‘anioPublicacion’?
  141 |   libro->anioPublicacion = anioPubicacion;
      |                            ^~~~~~~~~~~~~~
      |                            anioPublicacion
exercises.c:141:28: note: each undeclared identifier is reported only once for each function it appears in
Compilation failed
15bd1b4
Fri 15 Mar 2024 12:09:10 AM UTC: 
 exercises.c | 8 ++++----
 1 file changed, 4 insertions(+), 4 deletions(-)
Fri 15 Mar 2024 12:09:41 AM UTC: 
 exercises.c | 8 ++++----
 1 file changed, 4 insertions(+), 4 deletions(-)
Fri 15 Mar 2024 12:10:23 AM UTC: 
 exercises.c | 12 ++++++------
 1 file changed, 6 insertions(+), 6 deletions(-)
Fri 15 Mar 2024 12:11:47 AM UTC: 
 exercises.c | 12 ++++++------
 1 file changed, 6 insertions(+), 6 deletions(-)
Fri 15 Mar 2024 12:14:22 AM UTC: 
 exercises.c | 12 ++++++------
 1 file changed, 6 insertions(+), 6 deletions(-)
Fri 15 Mar 2024 12:15:55 AM UTC: 
 exercises.c | 14 +++++++-------
 1 file changed, 7 insertions(+), 7 deletions(-)
 tests:  0|2
total_score: 50/70
bfc7bc0
Fri 15 Mar 2024 12:16:31 AM UTC: 
 exercises.c | 4 ++--
 1 file changed, 2 insertions(+), 2 deletions(-)
 tests:  0|2
total_score: 50/70
66f8b30
Fri 15 Mar 2024 12:19:34 AM UTC: 
 exercises.c | 3 ++-
 1 file changed, 2 insertions(+), 1 deletion(-)
In file included from test.c:1:
exercises.c: In function ‘inicializarLibro’:
exercises.c:139:3: error: too many arguments to function ‘strcpy’
  139 |   strcpy(libro->titulo, titulo, sizeof(libro->titulo));
      |   ^~~~~~
In file included from /nix/store/4pqv2mwdn88h7xvsm7a5zplrd8sxzvw0-glibc-2.35-163-dev/include/features.h:490,
                 from /nix/store/4pqv2mwdn88h7xvsm7a5zplrd8sxzvw0-glibc-2.35-163-dev/include/ctype.h:25,
                 from exercises.c:1,
                 from test.c:1:
/nix/store/4pqv2mwdn88h7xvsm7a5zplrd8sxzvw0-glibc-2.35-163-dev/include/bits/string_fortified.h:77:1: note: declared here
   77 | __NTH (strcpy (char *__restrict __dest, const char *__restrict __src))
      | ^~~~~
In file included from test.c:1:
exercises.c:140:22: error: ‘Autor’ has no member named ‘nombreAutor’
  140 |   strcpy(libro->autor.nombreAutor, nombreAutor, sizeof(libro->autor.nombreAutor));
      |                      ^
exercises.c:140:68: error: ‘Autor’ has no member named ‘nombreAutor’
  140 |   strcpy(libro->autor.nombreAutor, nombreAutor, sizeof(libro->autor.nombreAutor));
      |                                                                    ^
exercises.c:140:3: error: too many arguments to function ‘strcpy’
  140 |   strcpy(libro->autor.nombreAutor, nombreAutor, sizeof(libro->autor.nombreAutor));
      |   ^~~~~~
In file included from /nix/store/4pqv2mwdn88h7xvsm7a5zplrd8sxzvw0-glibc-2.35-163-dev/include/features.h:490,
                 from /nix/store/4pqv2mwdn88h7xvsm7a5zplrd8sxzvw0-glibc-2.35-163-dev/include/ctype.h:25,
                 from exercises.c:1,
                 from test.c:1:
/nix/store/4pqv2mwdn88h7xvsm7a5zplrd8sxzvw0-glibc-2.35-163-dev/include/bits/string_fortified.h:77:1: note: declared here
   77 | __NTH (strcpy (char *__restrict __dest, const char *__restrict __src))
      | ^~~~~
Compilation failed
585bd7e
Fri 15 Mar 2024 12:20:42 AM UTC: 
 exercises.c | 4 ++--
 1 file changed, 2 insertions(+), 2 deletions(-)
In file included from /nix/store/4pqv2mwdn88h7xvsm7a5zplrd8sxzvw0-glibc-2.35-163-dev/include/string.h:535,
                 from exercises.c:5,
                 from test.c:1:
In function ‘strncpy’,
    inlined from ‘inicializarLibro’ at exercises.c:139:3:
/nix/store/4pqv2mwdn88h7xvsm7a5zplrd8sxzvw0-glibc-2.35-163-dev/include/bits/string_fortified.h:95:10: error: ‘__builtin_strncpy’ specified bound 100 equals destination size [-Werror=stringop-truncation]
   95 |   return __builtin___strncpy_chk (__dest, __src, __len,
      |          ^~~~~~~~~~~~~~~~~~~~~~~~~~~~~~~~~~~~~~~~~~~~~~
   96 |                                   __glibc_objsize (__dest));
      |                                   ~~~~~~~~~~~~~~~~~~~~~~~~~
In function ‘strncpy’,
    inlined from ‘inicializarLibro’ at exercises.c:140:3:
/nix/store/4pqv2mwdn88h7xvsm7a5zplrd8sxzvw0-glibc-2.35-163-dev/include/bits/string_fortified.h:95:10: error: ‘__builtin_strncpy’ specified bound 50 equals destination size [-Werror=stringop-truncation]
   95 |   return __builtin___strncpy_chk (__dest, __src, __len,
      |          ^~~~~~~~~~~~~~~~~~~~~~~~~~~~~~~~~~~~~~~~~~~~~~
   96 |                                   __glibc_objsize (__dest));
      |                                   ~~~~~~~~~~~~~~~~~~~~~~~~~
cc1: all warnings being treated as errors
Compilation failed
956efec
Fri 15 Mar 2024 12:20:53 AM UTC: 
 exercises.c | 4 ++--
 1 file changed, 2 insertions(+), 2 deletions(-)
In file included from test.c:1:
exercises.c: In function ‘inicializarLibro’:
exercises.c:139:3: error: too many arguments to function ‘strcpy’
  139 |   strcpy(libro->titulo, titulo, sizeof(libro->titulo));
      |   ^~~~~~
In file included from /nix/store/4pqv2mwdn88h7xvsm7a5zplrd8sxzvw0-glibc-2.35-163-dev/include/features.h:490,
                 from /nix/store/4pqv2mwdn88h7xvsm7a5zplrd8sxzvw0-glibc-2.35-163-dev/include/ctype.h:25,
                 from exercises.c:1,
                 from test.c:1:
/nix/store/4pqv2mwdn88h7xvsm7a5zplrd8sxzvw0-glibc-2.35-163-dev/include/bits/string_fortified.h:77:1: note: declared here
   77 | __NTH (strcpy (char *__restrict __dest, const char *__restrict __src))
      | ^~~~~
In file included from test.c:1:
exercises.c:140:3: error: too many arguments to function ‘strcpy’
  140 |   strcpy(libro->autor.nombre, nombreAutor, sizeof(libro->autor.nombre));
      |   ^~~~~~
In file included from /nix/store/4pqv2mwdn88h7xvsm7a5zplrd8sxzvw0-glibc-2.35-163-dev/include/features.h:490,
                 from /nix/store/4pqv2mwdn88h7xvsm7a5zplrd8sxzvw0-glibc-2.35-163-dev/include/ctype.h:25,
                 from exercises.c:1,
                 from test.c:1:
/nix/store/4pqv2mwdn88h7xvsm7a5zplrd8sxzvw0-glibc-2.35-163-dev/include/bits/string_fortified.h:77:1: note: declared here
   77 | __NTH (strcpy (char *__restrict __dest, const char *__restrict __src))
      | ^~~~~
Compilation failed
a0584c4
Fri 15 Mar 2024 12:21:16 AM UTC: 
 exercises.c | 4 ++--
 1 file changed, 2 insertions(+), 2 deletions(-)
 tests:  0|1
total_score: 60/70
6af6699
Fri 15 Mar 2024 12:33:28 AM UTC: 
 exercises.c | 14 +++++++++++++-
 1 file changed, 13 insertions(+), 1 deletion(-)
In file included from test.c:1:
exercises.c: In function ‘crearListaEnlazada’:
exercises.c:167:9: error: ‘Nodo’ {aka ‘struct nodo’} has no member named ‘dato’
  167 |     temp->dato = arr[i];
      |         ^~
Compilation failed
5cf5d84
Fri 15 Mar 2024 12:34:03 AM UTC: 
 exercises.c | 2 +-
 1 file changed, 1 insertion(+), 1 deletion(-)
 tests:  0|1
total_score: 60/70
5155e24
Fri 15 Mar 2024 12:34:33 AM UTC: 
 exercises.c | 2 +-
 1 file changed, 1 insertion(+), 1 deletion(-)
In file included from test.c:1:
exercises.c: In function ‘crearListaEnlazada’:
exercises.c:174:13: error: returning ‘int’ from a function with return type ‘Nodo *’ {aka ‘struct nodo *’} makes pointer from integer without a cast [-Werror=int-conversion]
  174 |   return arr[0]; }
      |          ~~~^~~
cc1: all warnings being treated as errors
Compilation failed
12bb437
Fri 15 Mar 2024 12:35:32 AM UTC: 
 exercises.c | 2 +-
 1 file changed, 1 insertion(+), 1 deletion(-)
 tests:  0|1
total_score: 60/70
0c11a11
